<?xml version="1.0" encoding="UTF-8"?>
<coverage generated="1520681694575" clover="3.2.0">
  <project timestamp="1520681694575" name="All files">
    <metrics statements="124" coveredstatements="82" conditionals="52" coveredconditionals="18" methods="42" coveredmethods="27" elements="218" coveredelements="127" complexity="0" loc="124" ncloc="124" packages="12" files="22" classes="22">
      <package name="brewery-fe">
        <metrics statements="1" coveredstatements="1" conditionals="0" coveredconditionals="0" methods="0" coveredmethods="0"/>
        <file name="testSetup.js" path="/Users/sonam/Documents/projects/tabcorp/brewery-fe/testSetup.js">
          <metrics statements="1" coveredstatements="1" conditionals="0" coveredconditionals="0" methods="0" coveredmethods="0"/>
          <line num="4" count="10" type="stmt"/>
        </file>
      </package>
      <package name="brewery-fe.src.app">
        <metrics statements="9" coveredstatements="8" conditionals="2" coveredconditionals="2" methods="3" coveredmethods="2"/>
        <file name="App.js" path="/Users/sonam/Documents/projects/tabcorp/brewery-fe/src/app/App.js">
          <metrics statements="3" coveredstatements="2" conditionals="0" coveredconditionals="0" methods="3" coveredmethods="2"/>
          <line num="14" count="2" type="stmt"/>
          <line num="15" count="0" type="stmt"/>
          <line num="20" count="2" type="stmt"/>
        </file>
        <file name="reducers.js" path="/Users/sonam/Documents/projects/tabcorp/brewery-fe/src/app/reducers.js">
          <metrics statements="0" coveredstatements="0" conditionals="0" coveredconditionals="0" methods="0" coveredmethods="0"/>
        </file>
        <file name="socket.js" path="/Users/sonam/Documents/projects/tabcorp/brewery-fe/src/app/socket.js">
          <metrics statements="1" coveredstatements="1" conditionals="0" coveredconditionals="0" methods="0" coveredmethods="0"/>
          <line num="4" count="1" type="stmt"/>
        </file>
        <file name="store.js" path="/Users/sonam/Documents/projects/tabcorp/brewery-fe/src/app/store.js">
          <metrics statements="5" coveredstatements="5" conditionals="2" coveredconditionals="2" methods="0" coveredmethods="0"/>
          <line num="8" count="1" type="stmt"/>
          <line num="9" count="1" type="stmt"/>
          <line num="11" count="1" type="stmt"/>
          <line num="12" count="1" type="cond" truecount="2" falsecount="0"/>
          <line num="14" count="1" type="stmt"/>
        </file>
      </package>
      <package name="brewery-fe.src.app.common">
        <metrics statements="2" coveredstatements="2" conditionals="0" coveredconditionals="0" methods="1" coveredmethods="1"/>
        <file name="action.js" path="/Users/sonam/Documents/projects/tabcorp/brewery-fe/src/app/common/action.js">
          <metrics statements="2" coveredstatements="2" conditionals="0" coveredconditionals="0" methods="1" coveredmethods="1"/>
          <line num="3" count="2" type="stmt"/>
          <line num="4" count="1" type="stmt"/>
        </file>
      </package>
      <package name="brewery-fe.src.app.components.BeerComponent">
        <metrics statements="11" coveredstatements="11" conditionals="10" coveredconditionals="5" methods="1" coveredmethods="1"/>
        <file name="index.js" path="/Users/sonam/Documents/projects/tabcorp/brewery-fe/src/app/components/BeerComponent/index.js">
          <metrics statements="11" coveredstatements="11" conditionals="10" coveredconditionals="5" methods="1" coveredmethods="1"/>
          <line num="6" count="3" type="stmt"/>
          <line num="7" count="4" type="stmt"/>
          <line num="8" count="4" type="stmt"/>
          <line num="9" count="4" type="stmt"/>
          <line num="10" count="4" type="stmt"/>
          <line num="11" count="4" type="cond" truecount="1" falsecount="1"/>
          <line num="12" count="4" type="cond" truecount="2" falsecount="2"/>
          <line num="13" count="4" type="cond" truecount="1" falsecount="1"/>
          <line num="14" count="4" type="cond" truecount="1" falsecount="1"/>
          <line num="15" count="4" type="stmt"/>
          <line num="37" count="3" type="stmt"/>
        </file>
      </package>
      <package name="brewery-fe.src.app.components.Common.ErrorHandling">
        <metrics statements="16" coveredstatements="9" conditionals="6" coveredconditionals="2" methods="5" coveredmethods="3"/>
        <file name="action.js" path="/Users/sonam/Documents/projects/tabcorp/brewery-fe/src/app/components/Common/ErrorHandling/action.js">
          <metrics statements="4" coveredstatements="4" conditionals="0" coveredconditionals="0" methods="2" coveredmethods="2"/>
          <line num="3" count="3" type="stmt"/>
          <line num="4" count="1" type="stmt"/>
          <line num="10" count="3" type="stmt"/>
          <line num="11" count="1" type="stmt"/>
        </file>
        <file name="reducer.js" path="/Users/sonam/Documents/projects/tabcorp/brewery-fe/src/app/components/Common/ErrorHandling/reducer.js">
          <metrics statements="12" coveredstatements="5" conditionals="6" coveredconditionals="2" methods="3" coveredmethods="1"/>
          <line num="2" count="1" type="stmt"/>
          <line num="9" count="1" type="stmt"/>
          <line num="10" count="0" type="stmt"/>
          <line num="11" count="0" type="cond" truecount="0" falsecount="2"/>
          <line num="12" count="0" type="stmt"/>
          <line num="13" count="0" type="stmt"/>
          <line num="16" count="1" type="stmt"/>
          <line num="17" count="0" type="stmt"/>
          <line num="21" count="3" type="cond" truecount="1" falsecount="2"/>
          <line num="22" count="0" type="stmt"/>
          <line num="23" count="0" type="stmt"/>
          <line num="24" count="3" type="stmt"/>
        </file>
      </package>
      <package name="brewery-fe.src.app.components.Common.Footer">
        <metrics statements="2" coveredstatements="2" conditionals="0" coveredconditionals="0" methods="1" coveredmethods="1"/>
        <file name="index.js" path="/Users/sonam/Documents/projects/tabcorp/brewery-fe/src/app/components/Common/Footer/index.js">
          <metrics statements="2" coveredstatements="2" conditionals="0" coveredconditionals="0" methods="1" coveredmethods="1"/>
          <line num="4" count="3" type="stmt"/>
          <line num="5" count="3" type="stmt"/>
        </file>
      </package>
      <package name="brewery-fe.src.app.components.Common.Header">
        <metrics statements="2" coveredstatements="2" conditionals="0" coveredconditionals="0" methods="1" coveredmethods="1"/>
        <file name="index.js" path="/Users/sonam/Documents/projects/tabcorp/brewery-fe/src/app/components/Common/Header/index.js">
          <metrics statements="2" coveredstatements="2" conditionals="0" coveredconditionals="0" methods="1" coveredmethods="1"/>
          <line num="4" count="3" type="stmt"/>
          <line num="5" count="3" type="stmt"/>
        </file>
      </package>
      <package name="brewery-fe.src.app.components.Common.RunTimeConfig">
        <metrics statements="11" coveredstatements="6" conditionals="4" coveredconditionals="2" methods="4" coveredmethods="1"/>
        <file name="action.js" path="/Users/sonam/Documents/projects/tabcorp/brewery-fe/src/app/components/Common/RunTimeConfig/action.js">
          <metrics statements="4" coveredstatements="2" conditionals="0" coveredconditionals="0" methods="2" coveredmethods="0"/>
          <line num="3" count="2" type="stmt"/>
          <line num="4" count="0" type="stmt"/>
          <line num="10" count="2" type="stmt"/>
          <line num="11" count="0" type="stmt"/>
        </file>
        <file name="reducer.js" path="/Users/sonam/Documents/projects/tabcorp/brewery-fe/src/app/components/Common/RunTimeConfig/reducer.js">
          <metrics statements="7" coveredstatements="4" conditionals="4" coveredconditionals="2" methods="2" coveredmethods="1"/>
          <line num="2" count="1" type="stmt"/>
          <line num="7" count="1" type="stmt"/>
          <line num="8" count="0" type="stmt"/>
          <line num="12" count="3" type="cond" truecount="1" falsecount="2"/>
          <line num="13" count="0" type="stmt"/>
          <line num="14" count="0" type="stmt"/>
          <line num="15" count="3" type="stmt"/>
        </file>
      </package>
      <package name="brewery-fe.src.app.components.Dashboard">
        <metrics statements="63" coveredstatements="35" conditionals="28" coveredconditionals="6" methods="25" coveredmethods="16"/>
        <file name="action.js" path="/Users/sonam/Documents/projects/tabcorp/brewery-fe/src/app/components/Dashboard/action.js">
          <metrics statements="2" coveredstatements="2" conditionals="0" coveredconditionals="0" methods="1" coveredmethods="1"/>
          <line num="3" count="3" type="stmt"/>
          <line num="4" count="1" type="stmt"/>
        </file>
        <file name="async.action.js" path="/Users/sonam/Documents/projects/tabcorp/brewery-fe/src/app/components/Dashboard/async.action.js">
          <metrics statements="11" coveredstatements="5" conditionals="2" coveredconditionals="0" methods="3" coveredmethods="2"/>
          <line num="5" count="2" type="stmt"/>
          <line num="6" count="2" type="stmt"/>
          <line num="7" count="2" type="stmt"/>
          <line num="8" count="2" type="stmt"/>
          <line num="9" count="2" type="stmt"/>
          <line num="13" count="0" type="stmt"/>
          <line num="14" count="0" type="stmt"/>
          <line num="15" count="0" type="cond" truecount="0" falsecount="2"/>
          <line num="16" count="0" type="stmt"/>
          <line num="18" count="0" type="stmt"/>
          <line num="19" count="0" type="stmt"/>
        </file>
        <file name="index.js" path="/Users/sonam/Documents/projects/tabcorp/brewery-fe/src/app/components/Dashboard/index.js">
          <metrics statements="33" coveredstatements="19" conditionals="20" coveredconditionals="4" methods="15" coveredmethods="10"/>
          <line num="14" count="9" type="stmt"/>
          <line num="15" count="9" type="stmt"/>
          <line num="18" count="9" type="stmt"/>
          <line num="22" count="9" type="stmt"/>
          <line num="23" count="9" type="stmt"/>
          <line num="27" count="0" type="stmt"/>
          <line num="28" count="0" type="cond" truecount="0" falsecount="4"/>
          <line num="29" count="0" type="stmt"/>
          <line num="30" count="0" type="cond" truecount="0" falsecount="2"/>
          <line num="31" count="0" type="stmt"/>
          <line num="36" count="9" type="stmt"/>
          <line num="37" count="0" type="cond" truecount="0" falsecount="4"/>
          <line num="38" count="0" type="stmt"/>
          <line num="44" count="0" type="stmt"/>
          <line num="45" count="0" type="stmt"/>
          <line num="46" count="0" type="cond" truecount="0" falsecount="2"/>
          <line num="47" count="0" type="stmt"/>
          <line num="52" count="9" type="stmt"/>
          <line num="53" count="9" type="stmt"/>
          <line num="55" count="0" type="stmt"/>
          <line num="72" count="7" type="stmt"/>
          <line num="83" count="2" type="stmt"/>
          <line num="87" count="2" type="stmt"/>
          <line num="93" count="2" type="stmt"/>
          <line num="94" count="2" type="stmt"/>
          <line num="95" count="2" type="stmt"/>
          <line num="96" count="0" type="cond" truecount="0" falsecount="4"/>
          <line num="97" count="0" type="stmt"/>
          <line num="100" count="2" type="stmt"/>
          <line num="108" count="4" type="stmt"/>
          <line num="109" count="3" type="stmt"/>
          <line num="110" count="1" type="stmt"/>
          <line num="111" count="1" type="stmt"/>
        </file>
        <file name="reducer.js" path="/Users/sonam/Documents/projects/tabcorp/brewery-fe/src/app/components/Dashboard/reducer.js">
          <metrics statements="13" coveredstatements="5" conditionals="6" coveredconditionals="2" methods="4" coveredmethods="1"/>
          <line num="2" count="1" type="stmt"/>
          <line num="4" count="1" type="stmt"/>
          <line num="5" count="0" type="stmt"/>
          <line num="8" count="1" type="stmt"/>
          <line num="9" count="0" type="stmt"/>
          <line num="10" count="0" type="cond" truecount="0" falsecount="2"/>
          <line num="11" count="0" type="stmt"/>
          <line num="13" count="0" type="stmt"/>
          <line num="16" count="0" type="stmt"/>
          <line num="20" count="3" type="cond" truecount="1" falsecount="2"/>
          <line num="21" count="0" type="stmt"/>
          <line num="22" count="0" type="stmt"/>
          <line num="23" count="3" type="stmt"/>
        </file>
        <file name="temperatureFilter.js" path="/Users/sonam/Documents/projects/tabcorp/brewery-fe/src/app/components/Dashboard/temperatureFilter.js">
          <metrics statements="4" coveredstatements="4" conditionals="0" coveredconditionals="0" methods="2" coveredmethods="2"/>
          <line num="5" count="3" type="stmt"/>
          <line num="6" count="4" type="stmt"/>
          <line num="14" count="8" type="stmt"/>
          <line num="21" count="3" type="stmt"/>
        </file>
      </package>
      <package name="brewery-fe.src.config">
        <metrics statements="1" coveredstatements="1" conditionals="0" coveredconditionals="0" methods="0" coveredmethods="0"/>
        <file name="endpoints.js" path="/Users/sonam/Documents/projects/tabcorp/brewery-fe/src/config/endpoints.js">
          <metrics statements="1" coveredstatements="1" conditionals="0" coveredconditionals="0" methods="0" coveredmethods="0"/>
          <line num="1" count="2" type="stmt"/>
        </file>
      </package>
      <package name="brewery-fe.src.constants">
        <metrics statements="3" coveredstatements="3" conditionals="0" coveredconditionals="0" methods="0" coveredmethods="0"/>
        <file name="actions.js" path="/Users/sonam/Documents/projects/tabcorp/brewery-fe/src/constants/actions.js">
          <metrics statements="0" coveredstatements="0" conditionals="0" coveredconditionals="0" methods="0" coveredmethods="0"/>
        </file>
        <file name="textConstants.js" path="/Users/sonam/Documents/projects/tabcorp/brewery-fe/src/constants/textConstants.js">
          <metrics statements="3" coveredstatements="3" conditionals="0" coveredconditionals="0" methods="0" coveredmethods="0"/>
          <line num="1" count="3" type="stmt"/>
          <line num="5" count="3" type="stmt"/>
          <line num="10" count="3" type="stmt"/>
        </file>
      </package>
      <package name="brewery-fe.src.util">
        <metrics statements="3" coveredstatements="2" conditionals="2" coveredconditionals="1" methods="1" coveredmethods="1"/>
        <file name="helper.js" path="/Users/sonam/Documents/projects/tabcorp/brewery-fe/src/util/helper.js">
          <metrics statements="3" coveredstatements="2" conditionals="2" coveredconditionals="1" methods="1" coveredmethods="1"/>
          <line num="2" count="8" type="cond" truecount="1" falsecount="1"/>
          <line num="3" count="0" type="stmt"/>
          <line num="5" count="8" type="stmt"/>
        </file>
      </package>
    </metrics>
  </project>
</coverage>
