{"/Users/sonam/Documents/projects/tabcorp/brewery-fe/testSetup.js": {"path":"/Users/sonam/Documents/projects/tabcorp/brewery-fe/testSetup.js","statementMap":{"0":{"start":{"line":4,"column":0},"end":{"line":4,"column":38}}},"fnMap":{},"branchMap":{},"s":{"0":10},"f":{},"b":{},"_coverageSchema":"332fd63041d2c1bcb487cc26dd0d5f7d97098a6c","hash":"ecc4945ca648ab91fd33867131d3c1162ec869be"}
,"/Users/sonam/Documents/projects/tabcorp/brewery-fe/src/app/App.js": {"path":"/Users/sonam/Documents/projects/tabcorp/brewery-fe/src/app/App.js","statementMap":{"0":{"start":{"line":14,"column":8},"end":{"line":16,"column":11}},"1":{"start":{"line":15,"column":12},"end":{"line":15,"column":56}},"2":{"start":{"line":20,"column":8},"end":{"line":24,"column":10}}},"fnMap":{"0":{"name":"(anonymous_0)","decl":{"start":{"line":13,"column":4},"end":{"line":13,"column":5}},"loc":{"start":{"line":13,"column":24},"end":{"line":17,"column":5}},"line":13},"1":{"name":"(anonymous_1)","decl":{"start":{"line":14,"column":50},"end":{"line":14,"column":51}},"loc":{"start":{"line":14,"column":60},"end":{"line":16,"column":9}},"line":14},"2":{"name":"(anonymous_2)","decl":{"start":{"line":19,"column":4},"end":{"line":19,"column":5}},"loc":{"start":{"line":19,"column":13},"end":{"line":25,"column":5}},"line":19}},"branchMap":{},"s":{"0":2,"1":0,"2":2},"f":{"0":2,"1":0,"2":2},"b":{},"_coverageSchema":"332fd63041d2c1bcb487cc26dd0d5f7d97098a6c","hash":"82b38f3dc59b86d456fef86eba4ff1e57c9c2405"}
,"/Users/sonam/Documents/projects/tabcorp/brewery-fe/src/app/reducers.js": {"path":"/Users/sonam/Documents/projects/tabcorp/brewery-fe/src/app/reducers.js","statementMap":{},"fnMap":{},"branchMap":{},"s":{},"f":{},"b":{},"_coverageSchema":"332fd63041d2c1bcb487cc26dd0d5f7d97098a6c","hash":"86e13986073e8c8f430dc0ce3a134f539dab417e"}
,"/Users/sonam/Documents/projects/tabcorp/brewery-fe/src/app/socket.js": {"path":"/Users/sonam/Documents/projects/tabcorp/brewery-fe/src/app/socket.js","statementMap":{"0":{"start":{"line":4,"column":15},"end":{"line":4,"column":42}}},"fnMap":{},"branchMap":{},"s":{"0":1},"f":{},"b":{},"_coverageSchema":"332fd63041d2c1bcb487cc26dd0d5f7d97098a6c","hash":"fff0c7b39c76a91f6e665f6a5abcd194428aa9a3"}
,"/Users/sonam/Documents/projects/tabcorp/brewery-fe/src/app/store.js": {"path":"/Users/sonam/Documents/projects/tabcorp/brewery-fe/src/app/store.js","statementMap":{"0":{"start":{"line":8,"column":19},"end":{"line":8,"column":26}},"1":{"start":{"line":9,"column":0},"end":{"line":9,"column":32}},"2":{"start":{"line":11,"column":19},"end":{"line":11,"column":21}},"3":{"start":{"line":12,"column":0},"end":{"line":12,"column":73}},"4":{"start":{"line":14,"column":14},"end":{"line":14,"column":105}}},"fnMap":{},"branchMap":{"0":{"loc":{"start":{"line":12,"column":0},"end":{"line":12,"column":72}},"type":"binary-expr","locations":[{"start":{"line":12,"column":0},"end":{"line":12,"column":29}},{"start":{"line":12,"column":34},"end":{"line":12,"column":71}}],"line":12}},"s":{"0":1,"1":1,"2":1,"3":1,"4":1},"f":{},"b":{"0":[1,1]},"_coverageSchema":"332fd63041d2c1bcb487cc26dd0d5f7d97098a6c","hash":"9bb3ec07ae0e683d1a08f3819af79619f2aaa1f7"}
,"/Users/sonam/Documents/projects/tabcorp/brewery-fe/src/app/common/action.js": {"path":"/Users/sonam/Documents/projects/tabcorp/brewery-fe/src/app/common/action.js","statementMap":{"0":{"start":{"line":3,"column":37},"end":{"line":8,"column":1}},"1":{"start":{"line":4,"column":4},"end":{"line":7,"column":5}}},"fnMap":{"0":{"name":"(anonymous_0)","decl":{"start":{"line":3,"column":37},"end":{"line":3,"column":38}},"loc":{"start":{"line":3,"column":47},"end":{"line":8,"column":1}},"line":3}},"branchMap":{},"s":{"0":2,"1":1},"f":{"0":1},"b":{},"_coverageSchema":"332fd63041d2c1bcb487cc26dd0d5f7d97098a6c","hash":"70289cb5aa5a34c48c0e5fa35146159ca556fe4f"}
,"/Users/sonam/Documents/projects/tabcorp/brewery-fe/src/app/components/BeerComponent/index.js": {"path":"/Users/sonam/Documents/projects/tabcorp/brewery-fe/src/app/components/BeerComponent/index.js","statementMap":{"0":{"start":{"line":6,"column":22},"end":{"line":36,"column":1}},"1":{"start":{"line":7,"column":56},"end":{"line":7,"column":73}},"2":{"start":{"line":8,"column":20},"end":{"line":8,"column":80}},"3":{"start":{"line":9,"column":20},"end":{"line":9,"column":80}},"4":{"start":{"line":10,"column":27},"end":{"line":10,"column":58}},"5":{"start":{"line":11,"column":23},"end":{"line":11,"column":98}},"6":{"start":{"line":12,"column":21},"end":{"line":12,"column":113}},"7":{"start":{"line":13,"column":28},"end":{"line":13,"column":114}},"8":{"start":{"line":14,"column":23},"end":{"line":14,"column":55}},"9":{"start":{"line":15,"column":4},"end":{"line":35,"column":6}},"10":{"start":{"line":37,"column":0},"end":{"line":40,"column":2}}},"fnMap":{"0":{"name":"(anonymous_0)","decl":{"start":{"line":6,"column":22},"end":{"line":6,"column":23}},"loc":{"start":{"line":6,"column":66},"end":{"line":36,"column":1}},"line":6}},"branchMap":{"0":{"loc":{"start":{"line":11,"column":23},"end":{"line":11,"column":98}},"type":"cond-expr","locations":[{"start":{"line":11,"column":55},"end":{"line":11,"column":75}},{"start":{"line":11,"column":78},"end":{"line":11,"column":98}}],"line":11},"1":{"loc":{"start":{"line":12,"column":21},"end":{"line":12,"column":113}},"type":"cond-expr","locations":[{"start":{"line":12,"column":48},"end":{"line":12,"column":61}},{"start":{"line":12,"column":64},"end":{"line":12,"column":113}}],"line":12},"2":{"loc":{"start":{"line":12,"column":64},"end":{"line":12,"column":113}},"type":"cond-expr","locations":[{"start":{"line":12,"column":95},"end":{"line":12,"column":108}},{"start":{"line":12,"column":111},"end":{"line":12,"column":113}}],"line":12},"3":{"loc":{"start":{"line":13,"column":28},"end":{"line":13,"column":114}},"type":"cond-expr","locations":[{"start":{"line":13,"column":45},"end":{"line":13,"column":107}},{"start":{"line":13,"column":110},"end":{"line":13,"column":114}}],"line":13},"4":{"loc":{"start":{"line":14,"column":23},"end":{"line":14,"column":55}},"type":"cond-expr","locations":[{"start":{"line":14,"column":40},"end":{"line":14,"column":50}},{"start":{"line":14,"column":53},"end":{"line":14,"column":55}}],"line":14}},"s":{"0":3,"1":4,"2":4,"3":4,"4":4,"5":4,"6":4,"7":4,"8":4,"9":4,"10":3},"f":{"0":4},"b":{"0":[0,4],"1":[0,4],"2":[0,4],"3":[0,4],"4":[0,4]},"_coverageSchema":"332fd63041d2c1bcb487cc26dd0d5f7d97098a6c","hash":"aeb169cb0eb6543d6cffc1444906bbe9b334b2fd"}
,"/Users/sonam/Documents/projects/tabcorp/brewery-fe/src/app/components/Common/ErrorHandling/action.js": {"path":"/Users/sonam/Documents/projects/tabcorp/brewery-fe/src/app/components/Common/ErrorHandling/action.js","statementMap":{"0":{"start":{"line":3,"column":31},"end":{"line":8,"column":1}},"1":{"start":{"line":4,"column":4},"end":{"line":7,"column":5}},"2":{"start":{"line":10,"column":34},"end":{"line":14,"column":1}},"3":{"start":{"line":11,"column":4},"end":{"line":13,"column":5}}},"fnMap":{"0":{"name":"(anonymous_0)","decl":{"start":{"line":3,"column":31},"end":{"line":3,"column":32}},"loc":{"start":{"line":3,"column":42},"end":{"line":8,"column":1}},"line":3},"1":{"name":"(anonymous_1)","decl":{"start":{"line":10,"column":34},"end":{"line":10,"column":35}},"loc":{"start":{"line":10,"column":40},"end":{"line":14,"column":1}},"line":10}},"branchMap":{},"s":{"0":3,"1":1,"2":3,"3":1},"f":{"0":1,"1":1},"b":{},"_coverageSchema":"332fd63041d2c1bcb487cc26dd0d5f7d97098a6c","hash":"a2ffbe0eae9d7792f12a7d4d9006cb55f06b11e2"}
,"/Users/sonam/Documents/projects/tabcorp/brewery-fe/src/app/components/Common/ErrorHandling/reducer.js": {"path":"/Users/sonam/Documents/projects/tabcorp/brewery-fe/src/app/components/Common/ErrorHandling/reducer.js","statementMap":{"0":{"start":{"line":2,"column":21},"end":{"line":7,"column":1}},"1":{"start":{"line":9,"column":20},"end":{"line":14,"column":1}},"2":{"start":{"line":10,"column":22},"end":{"line":10,"column":24}},"3":{"start":{"line":11,"column":4},"end":{"line":11,"column":43}},"4":{"start":{"line":12,"column":4},"end":{"line":12,"column":33}},"5":{"start":{"line":13,"column":4},"end":{"line":13,"column":41}},"6":{"start":{"line":16,"column":23},"end":{"line":18,"column":1}},"7":{"start":{"line":17,"column":4},"end":{"line":17,"column":50}},"8":{"start":{"line":21,"column":4},"end":{"line":25,"column":5}},"9":{"start":{"line":22,"column":31},"end":{"line":22,"column":73}},"10":{"start":{"line":23,"column":34},"end":{"line":23,"column":63}},"11":{"start":{"line":24,"column":17},"end":{"line":24,"column":30}}},"fnMap":{"0":{"name":"(anonymous_0)","decl":{"start":{"line":9,"column":20},"end":{"line":9,"column":21}},"loc":{"start":{"line":9,"column":52},"end":{"line":14,"column":1}},"line":9},"1":{"name":"(anonymous_1)","decl":{"start":{"line":16,"column":23},"end":{"line":16,"column":24}},"loc":{"start":{"line":16,"column":34},"end":{"line":18,"column":1}},"line":16},"2":{"name":"errorHandlingReducer","decl":{"start":{"line":20,"column":24},"end":{"line":20,"column":44}},"loc":{"start":{"line":20,"column":75},"end":{"line":26,"column":1}},"line":20}},"branchMap":{"0":{"loc":{"start":{"line":11,"column":21},"end":{"line":11,"column":42}},"type":"binary-expr","locations":[{"start":{"line":11,"column":21},"end":{"line":11,"column":26}},{"start":{"line":11,"column":30},"end":{"line":11,"column":42}}],"line":11},"1":{"loc":{"start":{"line":20,"column":45},"end":{"line":20,"column":65}},"type":"default-arg","locations":[{"start":{"line":20,"column":53},"end":{"line":20,"column":65}}],"line":20},"2":{"loc":{"start":{"line":21,"column":4},"end":{"line":25,"column":5}},"type":"switch","locations":[{"start":{"line":22,"column":8},"end":{"line":22,"column":73}},{"start":{"line":23,"column":8},"end":{"line":23,"column":63}},{"start":{"line":24,"column":8},"end":{"line":24,"column":30}}],"line":21}},"s":{"0":1,"1":1,"2":0,"3":0,"4":0,"5":0,"6":1,"7":0,"8":3,"9":0,"10":0,"11":3},"f":{"0":0,"1":0,"2":3},"b":{"0":[0,0],"1":[3],"2":[0,0,3]},"_coverageSchema":"332fd63041d2c1bcb487cc26dd0d5f7d97098a6c","hash":"aed39dd953bbe57c33e9ae3511e35402e0c87b7b"}
,"/Users/sonam/Documents/projects/tabcorp/brewery-fe/src/app/components/Common/Footer/index.js": {"path":"/Users/sonam/Documents/projects/tabcorp/brewery-fe/src/app/components/Common/Footer/index.js","statementMap":{"0":{"start":{"line":4,"column":15},"end":{"line":10,"column":1}},"1":{"start":{"line":5,"column":4},"end":{"line":9,"column":6}}},"fnMap":{"0":{"name":"(anonymous_0)","decl":{"start":{"line":4,"column":15},"end":{"line":4,"column":16}},"loc":{"start":{"line":4,"column":26},"end":{"line":10,"column":1}},"line":4}},"branchMap":{},"s":{"0":3,"1":3},"f":{"0":3},"b":{},"_coverageSchema":"332fd63041d2c1bcb487cc26dd0d5f7d97098a6c","hash":"3bc84838c4802f962fdf719329856ac77bc1343b"}
,"/Users/sonam/Documents/projects/tabcorp/brewery-fe/src/app/components/Common/Header/index.js": {"path":"/Users/sonam/Documents/projects/tabcorp/brewery-fe/src/app/components/Common/Header/index.js","statementMap":{"0":{"start":{"line":4,"column":15},"end":{"line":14,"column":1}},"1":{"start":{"line":5,"column":4},"end":{"line":13,"column":6}}},"fnMap":{"0":{"name":"(anonymous_0)","decl":{"start":{"line":4,"column":15},"end":{"line":4,"column":16}},"loc":{"start":{"line":4,"column":36},"end":{"line":14,"column":1}},"line":4}},"branchMap":{},"s":{"0":3,"1":3},"f":{"0":3},"b":{},"_coverageSchema":"332fd63041d2c1bcb487cc26dd0d5f7d97098a6c","hash":"603e9a5e5a46c30187738990e5f3c41e7b54329f"}
,"/Users/sonam/Documents/projects/tabcorp/brewery-fe/src/app/components/Common/RunTimeConfig/action.js": {"path":"/Users/sonam/Documents/projects/tabcorp/brewery-fe/src/app/components/Common/RunTimeConfig/action.js","statementMap":{"0":{"start":{"line":3,"column":34},"end":{"line":8,"column":1}},"1":{"start":{"line":4,"column":4},"end":{"line":7,"column":5}},"2":{"start":{"line":10,"column":27},"end":{"line":15,"column":1}},"3":{"start":{"line":11,"column":4},"end":{"line":14,"column":5}}},"fnMap":{"0":{"name":"(anonymous_0)","decl":{"start":{"line":3,"column":34},"end":{"line":3,"column":35}},"loc":{"start":{"line":3,"column":52},"end":{"line":8,"column":1}},"line":3},"1":{"name":"(anonymous_1)","decl":{"start":{"line":10,"column":27},"end":{"line":10,"column":28}},"loc":{"start":{"line":10,"column":39},"end":{"line":15,"column":1}},"line":10}},"branchMap":{},"s":{"0":2,"1":0,"2":2,"3":0},"f":{"0":0,"1":0},"b":{},"_coverageSchema":"332fd63041d2c1bcb487cc26dd0d5f7d97098a6c","hash":"4090d65da8ff852692e47300042b03f342d2cdd8"}
,"/Users/sonam/Documents/projects/tabcorp/brewery-fe/src/app/components/Common/RunTimeConfig/reducer.js": {"path":"/Users/sonam/Documents/projects/tabcorp/brewery-fe/src/app/components/Common/RunTimeConfig/reducer.js","statementMap":{"0":{"start":{"line":2,"column":21},"end":{"line":5,"column":1}},"1":{"start":{"line":7,"column":27},"end":{"line":9,"column":1}},"2":{"start":{"line":8,"column":4},"end":{"line":8,"column":49}},"3":{"start":{"line":12,"column":4},"end":{"line":16,"column":5}},"4":{"start":{"line":13,"column":42},"end":{"line":13,"column":91}},"5":{"start":{"line":14,"column":34},"end":{"line":14,"column":78}},"6":{"start":{"line":15,"column":17},"end":{"line":15,"column":30}}},"fnMap":{"0":{"name":"(anonymous_0)","decl":{"start":{"line":7,"column":27},"end":{"line":7,"column":28}},"loc":{"start":{"line":7,"column":47},"end":{"line":9,"column":1}},"line":7},"1":{"name":"configReducer","decl":{"start":{"line":11,"column":24},"end":{"line":11,"column":37}},"loc":{"start":{"line":11,"column":68},"end":{"line":17,"column":1}},"line":11}},"branchMap":{"0":{"loc":{"start":{"line":11,"column":38},"end":{"line":11,"column":58}},"type":"default-arg","locations":[{"start":{"line":11,"column":46},"end":{"line":11,"column":58}}],"line":11},"1":{"loc":{"start":{"line":12,"column":4},"end":{"line":16,"column":5}},"type":"switch","locations":[{"start":{"line":13,"column":8},"end":{"line":13,"column":91}},{"start":{"line":14,"column":8},"end":{"line":14,"column":78}},{"start":{"line":15,"column":8},"end":{"line":15,"column":30}}],"line":12}},"s":{"0":1,"1":1,"2":0,"3":3,"4":0,"5":0,"6":3},"f":{"0":0,"1":3},"b":{"0":[3],"1":[0,0,3]},"_coverageSchema":"332fd63041d2c1bcb487cc26dd0d5f7d97098a6c","hash":"0f3a5602eb01c63f6de917699b46e188839ba446"}
,"/Users/sonam/Documents/projects/tabcorp/brewery-fe/src/app/components/Dashboard/action.js": {"path":"/Users/sonam/Documents/projects/tabcorp/brewery-fe/src/app/components/Dashboard/action.js","statementMap":{"0":{"start":{"line":3,"column":27},"end":{"line":8,"column":1}},"1":{"start":{"line":4,"column":4},"end":{"line":7,"column":5}}},"fnMap":{"0":{"name":"(anonymous_0)","decl":{"start":{"line":3,"column":27},"end":{"line":3,"column":28}},"loc":{"start":{"line":3,"column":41},"end":{"line":8,"column":1}},"line":3}},"branchMap":{},"s":{"0":3,"1":1},"f":{"0":1},"b":{},"_coverageSchema":"332fd63041d2c1bcb487cc26dd0d5f7d97098a6c","hash":"5fc85b0f072374fbfb8cd3d1681d9b405bbab155"}
,"/Users/sonam/Documents/projects/tabcorp/brewery-fe/src/app/components/Dashboard/async.action.js": {"path":"/Users/sonam/Documents/projects/tabcorp/brewery-fe/src/app/components/Dashboard/async.action.js","statementMap":{"0":{"start":{"line":5,"column":29},"end":{"line":21,"column":1}},"1":{"start":{"line":5,"column":35},"end":{"line":21,"column":1}},"2":{"start":{"line":6,"column":49},"end":{"line":6,"column":61}},"3":{"start":{"line":7,"column":25},"end":{"line":7,"column":42}},"4":{"start":{"line":8,"column":22},"end":{"line":8,"column":59}},"5":{"start":{"line":9,"column":21},"end":{"line":12,"column":6}},"6":{"start":{"line":13,"column":23},"end":{"line":13,"column":31}},"7":{"start":{"line":14,"column":17},"end":{"line":14,"column":38}},"8":{"start":{"line":15,"column":4},"end":{"line":20,"column":5}},"9":{"start":{"line":16,"column":8},"end":{"line":16,"column":36}},"10":{"start":{"line":18,"column":8},"end":{"line":18,"column":40}},"11":{"start":{"line":19,"column":8},"end":{"line":19,"column":63}},"12":{"start":{"line":19,"column":25},"end":{"line":19,"column":55}}},"fnMap":{"0":{"name":"(anonymous_0)","decl":{"start":{"line":5,"column":29},"end":{"line":5,"column":30}},"loc":{"start":{"line":5,"column":35},"end":{"line":21,"column":1}},"line":5},"1":{"name":"(anonymous_1)","decl":{"start":{"line":5,"column":35},"end":{"line":5,"column":36}},"loc":{"start":{"line":5,"column":55},"end":{"line":21,"column":1}},"line":5},"2":{"name":"(anonymous_2)","decl":{"start":{"line":19,"column":19},"end":{"line":19,"column":20}},"loc":{"start":{"line":19,"column":25},"end":{"line":19,"column":55}},"line":19}},"branchMap":{"0":{"loc":{"start":{"line":15,"column":4},"end":{"line":20,"column":5}},"type":"if","locations":[{"start":{"line":15,"column":4},"end":{"line":20,"column":5}},{"start":{"line":15,"column":4},"end":{"line":20,"column":5}}],"line":15}},"s":{"0":2,"1":2,"2":2,"3":2,"4":2,"5":2,"6":0,"7":0,"8":0,"9":0,"10":0,"11":0,"12":0},"f":{"0":2,"1":2,"2":0},"b":{"0":[0,0]},"_coverageSchema":"332fd63041d2c1bcb487cc26dd0d5f7d97098a6c","hash":"3b75c2422ec2a0f4a9bca91470ebe7e1cfabbe3f"}
,"/Users/sonam/Documents/projects/tabcorp/brewery-fe/src/app/components/Dashboard/index.js": {"path":"/Users/sonam/Documents/projects/tabcorp/brewery-fe/src/app/components/Dashboard/index.js","statementMap":{"0":{"start":{"line":14,"column":8},"end":{"line":14,"column":21}},"1":{"start":{"line":15,"column":8},"end":{"line":17,"column":10}},"2":{"start":{"line":18,"column":8},"end":{"line":18,"column":29}},"3":{"start":{"line":22,"column":34},"end":{"line":22,"column":44}},"4":{"start":{"line":23,"column":8},"end":{"line":23,"column":24}},"5":{"start":{"line":27,"column":26},"end":{"line":27,"column":36}},"6":{"start":{"line":28,"column":8},"end":{"line":32,"column":9}},"7":{"start":{"line":29,"column":12},"end":{"line":29,"column":26}},"8":{"start":{"line":30,"column":15},"end":{"line":32,"column":9}},"9":{"start":{"line":31,"column":12},"end":{"line":31,"column":25}},"10":{"start":{"line":36,"column":8},"end":{"line":40,"column":9}},"11":{"start":{"line":37,"column":12},"end":{"line":39,"column":13}},"12":{"start":{"line":38,"column":16},"end":{"line":38,"column":40}},"13":{"start":{"line":44,"column":32},"end":{"line":44,"column":50}},"14":{"start":{"line":45,"column":39},"end":{"line":45,"column":49}},"15":{"start":{"line":46,"column":8},"end":{"line":48,"column":9}},"16":{"start":{"line":47,"column":12},"end":{"line":47,"column":47}},"17":{"start":{"line":52,"column":54},"end":{"line":52,"column":64}},"18":{"start":{"line":53,"column":8},"end":{"line":79,"column":10}},"19":{"start":{"line":55,"column":45},"end":{"line":55,"column":77}},"20":{"start":{"line":72,"column":36},"end":{"line":72,"column":126}},"21":{"start":{"line":83,"column":0},"end":{"line":85,"column":2}},"22":{"start":{"line":87,"column":0},"end":{"line":91,"column":2}},"23":{"start":{"line":93,"column":31},"end":{"line":106,"column":1}},"24":{"start":{"line":94,"column":34},"end":{"line":94,"column":39}},"25":{"start":{"line":95,"column":4},"end":{"line":99,"column":7}},"26":{"start":{"line":96,"column":8},"end":{"line":98,"column":9}},"27":{"start":{"line":97,"column":12},"end":{"line":97,"column":43}},"28":{"start":{"line":100,"column":4},"end":{"line":105,"column":6}},"29":{"start":{"line":108,"column":34},"end":{"line":112,"column":2}},"30":{"start":{"line":108,"column":47},"end":{"line":112,"column":1}},"31":{"start":{"line":109,"column":25},"end":{"line":109,"column":50}},"32":{"start":{"line":110,"column":33},"end":{"line":110,"column":68}},"33":{"start":{"line":111,"column":27},"end":{"line":111,"column":56}}},"fnMap":{"0":{"name":"(anonymous_0)","decl":{"start":{"line":13,"column":4},"end":{"line":13,"column":5}},"loc":{"start":{"line":13,"column":22},"end":{"line":19,"column":5}},"line":13},"1":{"name":"(anonymous_1)","decl":{"start":{"line":21,"column":4},"end":{"line":21,"column":5}},"loc":{"start":{"line":21,"column":23},"end":{"line":24,"column":5}},"line":21},"2":{"name":"(anonymous_2)","decl":{"start":{"line":26,"column":4},"end":{"line":26,"column":5}},"loc":{"start":{"line":26,"column":67},"end":{"line":33,"column":5}},"line":26},"3":{"name":"(anonymous_3)","decl":{"start":{"line":35,"column":20},"end":{"line":35,"column":21}},"loc":{"start":{"line":35,"column":26},"end":{"line":41,"column":5}},"line":35},"4":{"name":"(anonymous_4)","decl":{"start":{"line":36,"column":35},"end":{"line":36,"column":36}},"loc":{"start":{"line":36,"column":41},"end":{"line":40,"column":9}},"line":36},"5":{"name":"(anonymous_5)","decl":{"start":{"line":43,"column":28},"end":{"line":43,"column":29}},"loc":{"start":{"line":43,"column":37},"end":{"line":49,"column":5}},"line":43},"6":{"name":"(anonymous_6)","decl":{"start":{"line":51,"column":4},"end":{"line":51,"column":5}},"loc":{"start":{"line":51,"column":13},"end":{"line":80,"column":5}},"line":51},"7":{"name":"(anonymous_7)","decl":{"start":{"line":55,"column":37},"end":{"line":55,"column":38}},"loc":{"start":{"line":55,"column":43},"end":{"line":55,"column":79}},"line":55},"8":{"name":"(anonymous_8)","decl":{"start":{"line":71,"column":45},"end":{"line":71,"column":46}},"loc":{"start":{"line":72,"column":36},"end":{"line":72,"column":126}},"line":72},"9":{"name":"(anonymous_9)","decl":{"start":{"line":93,"column":31},"end":{"line":93,"column":32}},"loc":{"start":{"line":93,"column":40},"end":{"line":106,"column":1}},"line":93},"10":{"name":"(anonymous_10)","decl":{"start":{"line":95,"column":26},"end":{"line":95,"column":27}},"loc":{"start":{"line":95,"column":65},"end":{"line":99,"column":5}},"line":95},"11":{"name":"(anonymous_11)","decl":{"start":{"line":108,"column":34},"end":{"line":108,"column":35}},"loc":{"start":{"line":108,"column":47},"end":{"line":112,"column":1}},"line":108},"12":{"name":"(anonymous_12)","decl":{"start":{"line":109,"column":19},"end":{"line":109,"column":20}},"loc":{"start":{"line":109,"column":25},"end":{"line":109,"column":50}},"line":109},"13":{"name":"(anonymous_13)","decl":{"start":{"line":110,"column":24},"end":{"line":110,"column":25}},"loc":{"start":{"line":110,"column":33},"end":{"line":110,"column":68}},"line":110},"14":{"name":"(anonymous_14)","decl":{"start":{"line":111,"column":17},"end":{"line":111,"column":18}},"loc":{"start":{"line":111,"column":27},"end":{"line":111,"column":56}},"line":111}},"branchMap":{"0":{"loc":{"start":{"line":28,"column":8},"end":{"line":32,"column":9}},"type":"if","locations":[{"start":{"line":28,"column":8},"end":{"line":32,"column":9}},{"start":{"line":28,"column":8},"end":{"line":32,"column":9}}],"line":28},"1":{"loc":{"start":{"line":28,"column":12},"end":{"line":28,"column":46}},"type":"binary-expr","locations":[{"start":{"line":28,"column":12},"end":{"line":28,"column":18}},{"start":{"line":28,"column":22},"end":{"line":28,"column":46}}],"line":28},"2":{"loc":{"start":{"line":30,"column":15},"end":{"line":32,"column":9}},"type":"if","locations":[{"start":{"line":30,"column":15},"end":{"line":32,"column":9}},{"start":{"line":30,"column":15},"end":{"line":32,"column":9}}],"line":30},"3":{"loc":{"start":{"line":37,"column":12},"end":{"line":39,"column":13}},"type":"if","locations":[{"start":{"line":37,"column":12},"end":{"line":39,"column":13}},{"start":{"line":37,"column":12},"end":{"line":39,"column":13}}],"line":37},"4":{"loc":{"start":{"line":37,"column":16},"end":{"line":37,"column":72}},"type":"binary-expr","locations":[{"start":{"line":37,"column":16},"end":{"line":37,"column":50}},{"start":{"line":37,"column":54},"end":{"line":37,"column":72}}],"line":37},"5":{"loc":{"start":{"line":46,"column":8},"end":{"line":48,"column":9}},"type":"if","locations":[{"start":{"line":46,"column":8},"end":{"line":48,"column":9}},{"start":{"line":46,"column":8},"end":{"line":48,"column":9}}],"line":46},"6":{"loc":{"start":{"line":70,"column":28},"end":{"line":73,"column":94}},"type":"cond-expr","locations":[{"start":{"line":71,"column":32},"end":{"line":73,"column":34}},{"start":{"line":73,"column":37},"end":{"line":73,"column":94}}],"line":70},"7":{"loc":{"start":{"line":70,"column":28},"end":{"line":70,"column":55}},"type":"binary-expr","locations":[{"start":{"line":70,"column":28},"end":{"line":70,"column":36}},{"start":{"line":70,"column":40},"end":{"line":70,"column":55}}],"line":70},"8":{"loc":{"start":{"line":96,"column":8},"end":{"line":98,"column":9}},"type":"if","locations":[{"start":{"line":96,"column":8},"end":{"line":98,"column":9}},{"start":{"line":96,"column":8},"end":{"line":98,"column":9}}],"line":96},"9":{"loc":{"start":{"line":96,"column":12},"end":{"line":96,"column":82}},"type":"binary-expr","locations":[{"start":{"line":96,"column":12},"end":{"line":96,"column":45}},{"start":{"line":96,"column":49},"end":{"line":96,"column":82}}],"line":96}},"s":{"0":9,"1":9,"2":9,"3":9,"4":9,"5":0,"6":0,"7":0,"8":0,"9":0,"10":9,"11":0,"12":0,"13":0,"14":0,"15":0,"16":0,"17":9,"18":9,"19":0,"20":7,"21":2,"22":2,"23":2,"24":2,"25":2,"26":0,"27":0,"28":2,"29":2,"30":4,"31":3,"32":1,"33":1},"f":{"0":9,"1":9,"2":0,"3":9,"4":0,"5":0,"6":9,"7":0,"8":7,"9":2,"10":0,"11":4,"12":3,"13":1,"14":1},"b":{"0":[0,0],"1":[0,0],"2":[0,0],"3":[0,0],"4":[0,0],"5":[0,0],"6":[7,2],"7":[9,9],"8":[0,0],"9":[0,0]},"_coverageSchema":"332fd63041d2c1bcb487cc26dd0d5f7d97098a6c","hash":"a4abde680c7bc27ab86db089974d06f8b068b2a1"}
,"/Users/sonam/Documents/projects/tabcorp/brewery-fe/src/app/components/Dashboard/reducer.js": {"path":"/Users/sonam/Documents/projects/tabcorp/brewery-fe/src/app/components/Dashboard/reducer.js","statementMap":{"0":{"start":{"line":2,"column":21},"end":{"line":2,"column":23}},"1":{"start":{"line":4,"column":23},"end":{"line":6,"column":1}},"2":{"start":{"line":5,"column":4},"end":{"line":5,"column":22}},"3":{"start":{"line":8,"column":37},"end":{"line":17,"column":1}},"4":{"start":{"line":9,"column":25},"end":{"line":14,"column":6}},"5":{"start":{"line":10,"column":8},"end":{"line":12,"column":9}},"6":{"start":{"line":11,"column":12},"end":{"line":11,"column":42}},"7":{"start":{"line":13,"column":8},"end":{"line":13,"column":19}},"8":{"start":{"line":16,"column":4},"end":{"line":16,"column":24}},"9":{"start":{"line":20,"column":4},"end":{"line":24,"column":5}},"10":{"start":{"line":21,"column":35},"end":{"line":21,"column":80}},"11":{"start":{"line":22,"column":50},"end":{"line":22,"column":109}},"12":{"start":{"line":23,"column":17},"end":{"line":23,"column":30}}},"fnMap":{"0":{"name":"(anonymous_0)","decl":{"start":{"line":4,"column":23},"end":{"line":4,"column":24}},"loc":{"start":{"line":4,"column":43},"end":{"line":6,"column":1}},"line":4},"1":{"name":"(anonymous_1)","decl":{"start":{"line":8,"column":37},"end":{"line":8,"column":38}},"loc":{"start":{"line":8,"column":57},"end":{"line":17,"column":1}},"line":8},"2":{"name":"(anonymous_2)","decl":{"start":{"line":9,"column":35},"end":{"line":9,"column":36}},"loc":{"start":{"line":9,"column":43},"end":{"line":14,"column":5}},"line":9},"3":{"name":"beerListReducer","decl":{"start":{"line":19,"column":24},"end":{"line":19,"column":39}},"loc":{"start":{"line":19,"column":70},"end":{"line":25,"column":1}},"line":19}},"branchMap":{"0":{"loc":{"start":{"line":10,"column":8},"end":{"line":12,"column":9}},"type":"if","locations":[{"start":{"line":10,"column":8},"end":{"line":12,"column":9}},{"start":{"line":10,"column":8},"end":{"line":12,"column":9}}],"line":10},"1":{"loc":{"start":{"line":19,"column":40},"end":{"line":19,"column":60}},"type":"default-arg","locations":[{"start":{"line":19,"column":48},"end":{"line":19,"column":60}}],"line":19},"2":{"loc":{"start":{"line":20,"column":4},"end":{"line":24,"column":5}},"type":"switch","locations":[{"start":{"line":21,"column":8},"end":{"line":21,"column":80}},{"start":{"line":22,"column":8},"end":{"line":22,"column":109}},{"start":{"line":23,"column":8},"end":{"line":23,"column":30}}],"line":20}},"s":{"0":1,"1":1,"2":0,"3":1,"4":0,"5":0,"6":0,"7":0,"8":0,"9":3,"10":0,"11":0,"12":3},"f":{"0":0,"1":0,"2":0,"3":3},"b":{"0":[0,0],"1":[3],"2":[0,0,3]},"_coverageSchema":"332fd63041d2c1bcb487cc26dd0d5f7d97098a6c","hash":"189287cfc7d5d6486dca081b3b781b88439e8043"}
,"/Users/sonam/Documents/projects/tabcorp/brewery-fe/src/app/components/Dashboard/temperatureFilter.js": {"path":"/Users/sonam/Documents/projects/tabcorp/brewery-fe/src/app/components/Dashboard/temperatureFilter.js","statementMap":{"0":{"start":{"line":5,"column":26},"end":{"line":19,"column":1}},"1":{"start":{"line":6,"column":4},"end":{"line":18,"column":6}},"2":{"start":{"line":14,"column":20},"end":{"line":14,"column":90}},"3":{"start":{"line":21,"column":0},"end":{"line":24,"column":2}}},"fnMap":{"0":{"name":"(anonymous_0)","decl":{"start":{"line":5,"column":26},"end":{"line":5,"column":27}},"loc":{"start":{"line":5,"column":74},"end":{"line":19,"column":1}},"line":5},"1":{"name":"(anonymous_1)","decl":{"start":{"line":13,"column":37},"end":{"line":13,"column":38}},"loc":{"start":{"line":14,"column":20},"end":{"line":14,"column":90}},"line":14}},"branchMap":{},"s":{"0":3,"1":4,"2":8,"3":3},"f":{"0":4,"1":8},"b":{},"_coverageSchema":"332fd63041d2c1bcb487cc26dd0d5f7d97098a6c","hash":"9eb9592a6381c9f1e956ba17105b042be7b20f13"}
,"/Users/sonam/Documents/projects/tabcorp/brewery-fe/src/config/endpoints.js": {"path":"/Users/sonam/Documents/projects/tabcorp/brewery-fe/src/config/endpoints.js","statementMap":{"0":{"start":{"line":1,"column":12},"end":{"line":13,"column":1}}},"fnMap":{},"branchMap":{},"s":{"0":2},"f":{},"b":{},"_coverageSchema":"332fd63041d2c1bcb487cc26dd0d5f7d97098a6c","hash":"e59b65dae8a29736b7d00e8a81ae3e2b9bfe985e"}
,"/Users/sonam/Documents/projects/tabcorp/brewery-fe/src/constants/actions.js": {"path":"/Users/sonam/Documents/projects/tabcorp/brewery-fe/src/constants/actions.js","statementMap":{},"fnMap":{},"branchMap":{},"s":{},"f":{},"b":{},"_coverageSchema":"332fd63041d2c1bcb487cc26dd0d5f7d97098a6c","hash":"18e4cb006b69b0d7d60daf5ce66a5c59be9ee567"}
,"/Users/sonam/Documents/projects/tabcorp/brewery-fe/src/constants/textConstants.js": {"path":"/Users/sonam/Documents/projects/tabcorp/brewery-fe/src/constants/textConstants.js","statementMap":{"0":{"start":{"line":1,"column":29},"end":{"line":3,"column":1}},"1":{"start":{"line":5,"column":32},"end":{"line":8,"column":1}},"2":{"start":{"line":10,"column":29},"end":{"line":10,"column":58}}},"fnMap":{},"branchMap":{},"s":{"0":3,"1":3,"2":3},"f":{},"b":{},"_coverageSchema":"332fd63041d2c1bcb487cc26dd0d5f7d97098a6c","hash":"16fc0d111eca9b1e327ee29c3942158f3928cf4f"}
,"/Users/sonam/Documents/projects/tabcorp/brewery-fe/src/util/helper.js": {"path":"/Users/sonam/Documents/projects/tabcorp/brewery-fe/src/util/helper.js","statementMap":{"0":{"start":{"line":2,"column":4},"end":{"line":7,"column":5}},"1":{"start":{"line":3,"column":8},"end":{"line":3,"column":34}},"2":{"start":{"line":5,"column":8},"end":{"line":5,"column":46}}},"fnMap":{"0":{"name":"convertTempCelciusToFahrenheit","decl":{"start":{"line":1,"column":16},"end":{"line":1,"column":46}},"loc":{"start":{"line":1,"column":60},"end":{"line":8,"column":1}},"line":1}},"branchMap":{"0":{"loc":{"start":{"line":2,"column":4},"end":{"line":7,"column":5}},"type":"if","locations":[{"start":{"line":2,"column":4},"end":{"line":7,"column":5}},{"start":{"line":2,"column":4},"end":{"line":7,"column":5}}],"line":2}},"s":{"0":8,"1":0,"2":8},"f":{"0":8},"b":{"0":[0,8]},"_coverageSchema":"332fd63041d2c1bcb487cc26dd0d5f7d97098a6c","hash":"702847ef5d284fd940bff14beb686e2ee2799869"}
}
