TN:
SF:/Users/sonam/Documents/projects/tabcorp/brewery-fe/testSetup.js
FNF:0
FNH:0
DA:4,14
LF:1
LH:1
BRF:0
BRH:0
end_of_record
TN:
SF:/Users/sonam/Documents/projects/tabcorp/brewery-fe/src/app/App.js
FN:13,(anonymous_0)
FN:14,(anonymous_1)
FN:19,(anonymous_2)
FNF:3
FNH:2
FNDA:2,(anonymous_0)
FNDA:0,(anonymous_1)
FNDA:2,(anonymous_2)
DA:14,2
DA:15,0
DA:20,2
LF:3
LH:2
BRF:0
BRH:0
end_of_record
TN:
SF:/Users/sonam/Documents/projects/tabcorp/brewery-fe/src/app/reducers.js
FNF:0
FNH:0
LF:0
LH:0
BRF:0
BRH:0
end_of_record
TN:
SF:/Users/sonam/Documents/projects/tabcorp/brewery-fe/src/app/socket.js
FNF:0
FNH:0
DA:4,1
LF:1
LH:1
BRF:0
BRH:0
end_of_record
TN:
SF:/Users/sonam/Documents/projects/tabcorp/brewery-fe/src/app/store.js
FNF:0
FNH:0
DA:8,1
DA:9,1
DA:11,1
DA:12,1
DA:14,1
LF:5
LH:5
BRDA:12,0,0,1
BRDA:12,0,1,1
BRF:2
BRH:2
end_of_record
TN:
SF:/Users/sonam/Documents/projects/tabcorp/brewery-fe/src/app/common/action.js
FN:3,(anonymous_0)
FNF:1
FNH:1
FNDA:1,(anonymous_0)
DA:3,2
DA:4,1
LF:2
LH:2
BRF:0
BRH:0
end_of_record
TN:
SF:/Users/sonam/Documents/projects/tabcorp/brewery-fe/src/app/components/BeerComponent/index.js
FN:6,(anonymous_0)
FNF:1
FNH:1
FNDA:4,(anonymous_0)
DA:6,3
DA:7,4
DA:8,4
DA:9,4
DA:10,4
DA:11,4
DA:12,4
DA:13,4
DA:14,4
DA:15,4
DA:37,3
LF:11
LH:11
BRDA:11,0,0,0
BRDA:11,0,1,4
BRDA:12,1,0,0
BRDA:12,1,1,4
BRDA:12,2,0,0
BRDA:12,2,1,4
BRDA:13,3,0,0
BRDA:13,3,1,4
BRDA:14,4,0,0
BRDA:14,4,1,4
BRF:10
BRH:5
end_of_record
TN:
SF:/Users/sonam/Documents/projects/tabcorp/brewery-fe/src/app/components/Common/ErrorHandling/action.js
FN:3,(anonymous_0)
FN:10,(anonymous_1)
FNF:2
FNH:2
FNDA:1,(anonymous_0)
FNDA:1,(anonymous_1)
DA:3,3
DA:4,1
DA:10,3
DA:11,1
LF:4
LH:4
BRF:0
BRH:0
end_of_record
TN:
SF:/Users/sonam/Documents/projects/tabcorp/brewery-fe/src/app/components/Common/ErrorHandling/reducer.js
FN:9,(anonymous_0)
FN:16,(anonymous_1)
FN:20,errorHandlingReducer
FNF:3
FNH:3
FNDA:1,(anonymous_0)
FNDA:1,(anonymous_1)
FNDA:6,errorHandlingReducer
DA:2,2
DA:9,2
DA:10,1
DA:11,1
DA:12,1
DA:13,1
DA:16,2
DA:17,1
DA:21,6
DA:22,1
DA:23,1
DA:24,4
LF:12
LH:12
BRDA:11,0,0,1
BRDA:11,0,1,1
BRDA:20,1,0,3
BRDA:21,2,0,1
BRDA:21,2,1,1
BRDA:21,2,2,4
BRF:6
BRH:6
end_of_record
TN:
SF:/Users/sonam/Documents/projects/tabcorp/brewery-fe/src/app/components/Common/Footer/index.js
FN:4,(anonymous_0)
FNF:1
FNH:1
FNDA:3,(anonymous_0)
DA:4,3
DA:5,3
LF:2
LH:2
BRF:0
BRH:0
end_of_record
TN:
SF:/Users/sonam/Documents/projects/tabcorp/brewery-fe/src/app/components/Common/Header/index.js
FN:4,(anonymous_0)
FNF:1
FNH:1
FNDA:3,(anonymous_0)
DA:4,3
DA:5,3
LF:2
LH:2
BRF:0
BRH:0
end_of_record
TN:
SF:/Users/sonam/Documents/projects/tabcorp/brewery-fe/src/app/components/Common/RunTimeConfig/action.js
FN:3,(anonymous_0)
FN:10,(anonymous_1)
FNF:2
FNH:2
FNDA:1,(anonymous_0)
FNDA:1,(anonymous_1)
DA:3,3
DA:4,1
DA:10,3
DA:11,1
LF:4
LH:4
BRF:0
BRH:0
end_of_record
TN:
SF:/Users/sonam/Documents/projects/tabcorp/brewery-fe/src/app/components/Common/RunTimeConfig/reducer.js
FN:7,(anonymous_0)
FN:11,configReducer
FNF:2
FNH:2
FNDA:1,(anonymous_0)
FNDA:6,configReducer
DA:2,2
DA:7,2
DA:8,1
DA:12,6
DA:13,1
DA:14,1
DA:15,4
LF:7
LH:7
BRDA:11,0,0,3
BRDA:12,1,0,1
BRDA:12,1,1,1
BRDA:12,1,2,4
BRF:4
BRH:4
end_of_record
TN:
SF:/Users/sonam/Documents/projects/tabcorp/brewery-fe/src/app/components/Dashboard/action.js
FN:3,(anonymous_0)
FNF:1
FNH:1
FNDA:1,(anonymous_0)
DA:3,3
DA:4,1
LF:2
LH:2
BRF:0
BRH:0
end_of_record
TN:
SF:/Users/sonam/Documents/projects/tabcorp/brewery-fe/src/app/components/Dashboard/async.action.js
FN:5,(anonymous_0)
FN:5,(anonymous_1)
FN:19,(anonymous_2)
FNF:3
FNH:2
FNDA:2,(anonymous_0)
FNDA:2,(anonymous_1)
FNDA:0,(anonymous_2)
DA:5,2
DA:6,2
DA:7,2
DA:8,2
DA:9,2
DA:13,0
DA:14,0
DA:15,0
DA:16,0
DA:18,0
DA:19,0
LF:11
LH:5
BRDA:15,0,0,0
BRDA:15,0,1,0
BRF:2
BRH:0
end_of_record
TN:
SF:/Users/sonam/Documents/projects/tabcorp/brewery-fe/src/app/components/Dashboard/index.js
FN:13,(anonymous_0)
FN:21,(anonymous_1)
FN:26,(anonymous_2)
FN:35,(anonymous_3)
FN:36,(anonymous_4)
FN:43,(anonymous_5)
FN:51,(anonymous_6)
FN:55,(anonymous_7)
FN:71,(anonymous_8)
FN:93,(anonymous_9)
FN:95,(anonymous_10)
FN:108,(anonymous_11)
FN:109,(anonymous_12)
FN:110,(anonymous_13)
FN:111,(anonymous_14)
FNF:15
FNH:10
FNDA:9,(anonymous_0)
FNDA:9,(anonymous_1)
FNDA:0,(anonymous_2)
FNDA:9,(anonymous_3)
FNDA:0,(anonymous_4)
FNDA:0,(anonymous_5)
FNDA:9,(anonymous_6)
FNDA:0,(anonymous_7)
FNDA:7,(anonymous_8)
FNDA:2,(anonymous_9)
FNDA:0,(anonymous_10)
FNDA:4,(anonymous_11)
FNDA:3,(anonymous_12)
FNDA:1,(anonymous_13)
FNDA:1,(anonymous_14)
DA:14,9
DA:15,9
DA:18,9
DA:22,9
DA:23,9
DA:27,0
DA:28,0
DA:29,0
DA:30,0
DA:31,0
DA:36,9
DA:37,0
DA:38,0
DA:44,0
DA:45,0
DA:46,0
DA:47,0
DA:52,9
DA:53,9
DA:55,0
DA:72,7
DA:83,2
DA:87,2
DA:93,2
DA:94,2
DA:95,2
DA:96,0
DA:97,0
DA:100,2
DA:108,4
DA:109,3
DA:110,1
DA:111,1
LF:33
LH:19
BRDA:28,0,0,0
BRDA:28,0,1,0
BRDA:28,1,0,0
BRDA:28,1,1,0
BRDA:30,2,0,0
BRDA:30,2,1,0
BRDA:37,3,0,0
BRDA:37,3,1,0
BRDA:37,4,0,0
BRDA:37,4,1,0
BRDA:46,5,0,0
BRDA:46,5,1,0
BRDA:70,6,0,7
BRDA:70,6,1,2
BRDA:70,7,0,9
BRDA:70,7,1,9
BRDA:96,8,0,0
BRDA:96,8,1,0
BRDA:96,9,0,0
BRDA:96,9,1,0
BRF:20
BRH:4
end_of_record
TN:
SF:/Users/sonam/Documents/projects/tabcorp/brewery-fe/src/app/components/Dashboard/reducer.js
FN:4,(anonymous_0)
FN:8,(anonymous_1)
FN:9,(anonymous_2)
FN:19,beerListReducer
FNF:4
FNH:4
FNDA:1,(anonymous_0)
FNDA:1,(anonymous_1)
FNDA:1,(anonymous_2)
FNDA:6,beerListReducer
DA:2,2
DA:4,2
DA:5,1
DA:8,2
DA:9,1
DA:10,1
DA:11,1
DA:13,0
DA:16,1
DA:20,6
DA:21,1
DA:22,1
DA:23,4
LF:13
LH:12
BRDA:10,0,0,1
BRDA:10,0,1,0
BRDA:19,1,0,3
BRDA:20,2,0,1
BRDA:20,2,1,1
BRDA:20,2,2,4
BRF:6
BRH:5
end_of_record
TN:
SF:/Users/sonam/Documents/projects/tabcorp/brewery-fe/src/app/components/Dashboard/temperatureFilter.js
FN:5,(anonymous_0)
FN:13,(anonymous_1)
FNF:2
FNH:2
FNDA:4,(anonymous_0)
FNDA:8,(anonymous_1)
DA:5,3
DA:6,4
DA:14,8
DA:21,3
LF:4
LH:4
BRF:0
BRH:0
end_of_record
TN:
SF:/Users/sonam/Documents/projects/tabcorp/brewery-fe/src/config/endpoints.js
FNF:0
FNH:0
DA:1,2
LF:1
LH:1
BRF:0
BRH:0
end_of_record
TN:
SF:/Users/sonam/Documents/projects/tabcorp/brewery-fe/src/constants/actions.js
FNF:0
FNH:0
LF:0
LH:0
BRF:0
BRH:0
end_of_record
TN:
SF:/Users/sonam/Documents/projects/tabcorp/brewery-fe/src/constants/textConstants.js
FNF:0
FNH:0
DA:1,3
DA:5,3
DA:10,3
LF:3
LH:3
BRF:0
BRH:0
end_of_record
TN:
SF:/Users/sonam/Documents/projects/tabcorp/brewery-fe/src/util/helper.js
FN:1,convertTempCelciusToFahrenheit
FNF:1
FNH:1
FNDA:9,convertTempCelciusToFahrenheit
DA:2,9
DA:3,1
DA:5,8
LF:3
LH:3
BRDA:2,0,0,1
BRDA:2,0,1,8
BRF:2
BRH:2
end_of_record
